MPASM  5.39                          MAIN.ASM   11-14-2011  22:42:24         PAGE  1


LOC  OBJECT CODE     LINE SOURCE TEXT
  VALUE

                      00001 ; microsound.asm
                      00002         LIST    p=16F628a       ;tell assembler what chip we are using
                      00003         include "P16F628a.inc"  ;include the defaults for the chip
                      00001         LIST
                      00002 
                      00003 ;==========================================================================
                      00004 ;  MPASM PIC16F628A processor include
                      00005 ; 
                      00006 ;  (c) Copyright 1999-2010 Microchip Technology, All rights reserved
                      00007 ;==========================================================================
                      00008 
                      00369         LIST
2007   3D18           00004         __config 0x3D18                 ;sets the configuration settings (oscillator type etc.)
                      00005 
                      00006 ;/***************************************************
                      00007 ; Jump to Main Loop
                      00008 ;
                      00009 ;***************************************************/
0000                  00010     org 0x0
0000   2900           00011     goto   startupcode       ; plenty of room; won't run into our ISR code.
                      00012 ;/***************************************************
                      00013 ;   ContextSave:
                      00014 ;   Saves important registers before running our interrupt.
                      00015 ;  (cool code taken from http://www.piclist.com/techref/microchip/ints16Fintro-wcw.htm)
                      00016 ;
                      00017 ;***************************************************/
0004                  00018     org 0x4
0004                  00019 ContextSave
0004   00AE           00020     movwf          temp_w      ;save w in temp.  movwf does not change STATUS
                      00021                               ;; NOTE However, that temp_w must exist in all RAM banks.
0005   0E03           00022     swapf          STATUS,w    ;put unchanged STATUS in w with nibbles reversed.
0006   0183           00023     clrf           STATUS      ;now use RAM page 0
0007   00AF           00024     movwf          temp_s       ;save STATUS in temp_s
0008   080A           00025     movf           PCLATH,W     ; save PCLATH as well
0009   00B0           00026     movwf          temp_pclath
000A   018A           00027     clrf           PCLATH       ; now on code page 0 for sure too.
                      00028     ;movf                  FSR
                      00029         ;movwf             temp_fsr        ;
                      00030 
                      00031 ; 200 Cycles total in interrupt.
000B                  00032 dispathc_int
                      00033         ;btfsc PIR1, TMR2IF
000B   280C           00034         goto int_sound
                      00035         ;goto intexit  ;Other interrupt  possible? Maybe should just go straight to intsound?
                      00036 
                      00037         cblock 0x20 ; <-- probably also unnescessary
                      00038 
                      00039         ;Sound Struct
  00000020            00040         Key1Th ;Ticks whole part high.
  00000021            00041         Key1Tl ;Ticks decimal part.
  00000022            00042         Key1Curr; How many updates have we have until our next key set.
  00000023            00043         Key1State;Is our square wave High (32) or Low (0)
                      00044         
MPASM  5.39                          MAIN.ASM   11-14-2011  22:42:24         PAGE  2


LOC  OBJECT CODE     LINE SOURCE TEXT
  VALUE

  00000024            00045         Key2Th
  00000025            00046         Key2Tl
  00000026            00047         Key2Curr
  00000027            00048         Key2State
                      00049         
  00000028            00050         outChannel ;This is a sum of all Keys states then pushed to the PWM register
                      00051         
                      00052         ;Main Loop Stuff
  00000029            00053         currsixth
  0000002A            00054         keyInSixth
                      00055 
                      00056         ;State Save Stuff
  0000002B            00057         PORTA_temp
  0000002C            00058         curr_channels
  0000002D            00059         max_channels
  0000002E            00060         temp_w
  0000002F            00061         temp_s
  00000030            00062         temp_pclath
  00000031            00063         fired
  00000032            00064         temp_fsr
                      00065         endc
                      00066 
                      00067         ;org 0x42 Probably unnescessary
000C                  00068 int_sound ;Sound generation! called via the ISR when Timer1 int is up
000C                  00069 Key1                                            
000C   0820           00070         movf Key1Th, w
000D   1903           00071         btfsc STATUS, Z                 ;If the ticksHigh register for this key isn't set then we skip t
                            his key.
000E   281B           00072         goto Key1Done                   ;Maybe be able to go all the way to the end of the update depend
                            ing on 
                      00073         ;First key check                ;how keypresses get to this heezy.
000F   0BA2           00074         decfsz Key1Curr, f              
0010   281B           00075         goto Key1Done
0011                  00076 Key1Set                          ;If 0 we need to toggle the state of the key.
0011   0820           00077         movf Key1Th, w   ;Get the number of cycles high.
0012   00A2           00078         movwf Key1Curr
0013   1B23           00079         btfsc Key1State, 6 ;Check the current state.6th bit = value 32 or ON
0014   2819           00080         goto Key1Low
0015                  00081 Key1High
0015   3032           00082         movlw 32           ;Key High
0016   00A3           00083         movwf Key1State
0017   07A8           00084         addwf outChannel, f
0018   281B           00085         goto Key1Done
0019                  00086 Key1Low
0019   3000           00087         movlw 0
001A   00A3           00088         movwf Key1State
001B                  00089 Key1Done
                      00090 
001B                  00091 Key2                                    
001B   0824           00092         movf Key2Th, w
001C   1903           00093         btfsc STATUS, Z                 ;If the ticksHigh register for this key isn't set then we skip t
                            his key.
001D   282A           00094         goto Key2Done                   ;Maybe be able to go all the way to the end of the update depend
MPASM  5.39                          MAIN.ASM   11-14-2011  22:42:24         PAGE  3


LOC  OBJECT CODE     LINE SOURCE TEXT
  VALUE

                            ing on 
                      00095         ;First key check                ;how keypresses get to this heezy.
001E   0BA6           00096         decfsz Key2Curr, f              
001F   282A           00097         goto Key2Done
0020                  00098 Key2Set                          ;If 0 we need to toggle the state of the key.
0020   0824           00099         movf Key2Th, w   ;Get the number of cycles high.
0021   00A6           00100         movwf Key2Curr
0022   1B27           00101         btfsc Key2State, 6 ;Check the current state.6th bit = value 32 or ON
0023   2828           00102         goto Key2Low
0024                  00103 Key2High
0024   3032           00104         movlw 32           ;Key High
0025   00A7           00105         movwf Key2State
0026   07A8           00106         addwf outChannel, f
0027   282A           00107         goto Key2Done
0028                  00108 Key2Low
0028   3000           00109         movlw 0           ;Key Low
0029   00A7           00110         movwf Key2State
002A                  00111 Key2Done
                      00112 
                      00113 ;One Key Length:
                      00114 ; 4 minimum if no key set
                      00115 ; 5 on average (should just have to decf and skip til next note)
                      00116 ; 9 if key goes low
                      00117 ; 11 if key goes high
                      00118 
002A                  00119 int_sound_out
002A   0828           00120         movf outChannel, w
002B   0095           00121         movwf CCPR1L
                      00122         ;In this interrupt we need to set the CCP1CON 4:5 and CCP1H with our duty cycle
                      00123         ;movlw b'00111100'
                      00124         ;movwf CCP1CON; turn PWM xxxx11xx turns PWM on on Bits 4:5 are CPR1L (the high bits of the PWM d
                            uty cycle)
                      00125         ;movlw b'01111111'
                      00126         ;movwf CCPR1L ; CCPR1L is the high 8 bits of PWM
002C   01A8           00127         clrf outChannel                 ;Out channel needs to be reset. Gets filled up every call.
002D   282E           00128         goto intexit
                      00129 
002E                  00130 intexit
002E   0830           00131         movf temp_pclath, W
002F   008A           00132         movwf PCLATH
0030   0E2F           00133         swapf temp_s, W
0031   0083           00134         movwf STATUS
                      00135         ;swapf temp_fsr, W
                      00136         ;movwf FSR
0032   0EAE           00137         swapf temp_w, F
0033   0E2E           00138         swapf temp_w, W
0034   0009           00139          retfie
                      00140 
0100                  00141         org 0x100
                      00142 ;/****************************************
                      00143 ;  Set up code for the pic pre main loop.
                      00144 ;
                      00145 ;
MPASM  5.39                          MAIN.ASM   11-14-2011  22:42:24         PAGE  4


LOC  OBJECT CODE     LINE SOURCE TEXT
  VALUE

                      00146 ;
                      00147 ;****************************************/
0100                  00148 startupcode
0100   1683           00149         bsf STATUS, RP0 ;Bank one sets
                      00150 
0101   30FF           00151         movlw 0xFF
Message[302]: Register in operand not in bank 0.  Ensure that bank bits are correct.
0102   0085           00152         movwf TRISA ;All of PORTA will be inputs
0103   3000           00153         movlw 0X00
Message[302]: Register in operand not in bank 0.  Ensure that bank bits are correct.
0104   0086           00154         movwf TRISB ;PORTB will be all outputs
                      00155 
Message[302]: Register in operand not in bank 0.  Ensure that bank bits are correct.
0105   148C           00156         bsf PIE1, TMR2IE  ;Turn timer 2 interrupt enable on.
                      00157 
0106   30C8           00158         movlw 0xC8        ;Decimal 200 at 20khz we have 200 cycles before we have to update.
Message[302]: Register in operand not in bank 0.  Ensure that bank bits are correct.
0107   0092           00159         movwf PR2
0108   1512           00160         bsf T2CON, 2      ;Turn T2 On the timer should already be cleared and even if it isn't that's ok
                            ay!
                      00161 
0109   1283           00162         bcf STATUS, RP0;Exit bank one
                      00163 
010A   178B           00164         bsf INTCON, GIE ;Turn on all unmasked interupts
010B   170B           00165         bsf INTCON, PEIE;Turn on peripheral interrupts
010C   3007           00166         movlw 0x07
010D   009F           00167         movwf CMCON     ;turn off comparators
                      00168 
                      00169 
                      00170 ;/***************************
                      00171 ;  TMR1H:L needs to have (500 - the number of ops in our interrupt.) It generates an interrupt on overfl
                            ow.
                      00172 ;  Also, we may need to disable the timer while resetting it's value every interrupt.
                      00173 ;  This may be run too slow.  Something about TOSC/4 i dunno.  I'll increase it if quality is shitty.
                      00174 ;
                      00175 ;  Probably should be ran at a rate of 40khz or somewherez in there.
                      00176 ;
                      00177 ;*************************/
                      00178         ;movlw b'00000101'
                      00179                 ;bits6543 10
                      00180         ;movwf T1CON    ;turn timer1 on timer1 is a 16 bit timer, perfect for our application.
                      00181                                 ;maybe not.... timer1 doesn't have a comparison register.
                      00182                                 ;Only generates interrupts on overflow.
                      00183                                 ; Timer 2 which is 8 bit has a pre and post scaler and can be compared t
                            o
                      00184                                 ; PR2 for exact timing.
                      00185                                 ; Reccomend Postscaling of 1:5 and PR2:100 should get me 500 cycles betw
                            een
                      00186                                 ; PWM samples
                      00187                                 ; Meh, oscillator is only 4mhz so I dunno. I think I'm only going to get
                             100 cycles
                      00188                                 ; between updates at 40khz sound.  Maybe I should switch to 20khz or 10k
                            hz again.
MPASM  5.39                          MAIN.ASM   11-14-2011  22:42:24         PAGE  5


LOC  OBJECT CODE     LINE SOURCE TEXT
  VALUE

                      00189                                 ; I'll need more accuracy though at these levels.
                      00190                                 ; Also consider an external RC circuit at 20Mhz
                      00191                                 
                      00192         ;movlw b'00000000' ;Least significant bit of our timer.
                      00193         ;movwf TMR1L
                      00194 
                      00195 ;PR2 = 0b01111100 ;
                      00196 ;T2CON = 0b00000100 ;
                      00197 ;CCPR1L = 0b00111110 ;
                      00198 ;CCP1CON = 0b00011100 ;
                      00199 ;       http://www.micro-examples.com/public/microex-navig/doc/097-pwm-calculator.html
                      00200 
010E   300C           00201         movlw b'00001100'
                      00202                 ;bits 10        low bits of CPR1
010F   0097           00203         movwf CCP1CON; turn PWM on Bits 4:5 are CPR1H (the low bits of the PWM duty cycle)
0110   3000           00204         movlw b'00000000'
0111   0095           00205         movwf CCPR1L ; The MS 8 bits of PWM. Start at 0
                      00206         
0112   3002           00207         movlw 2                   ;decimal 8 is max channels
0113   00AD           00208         movwf max_channels;
                      00209         
                      00210 
                      00211 ;========================================================
                      00212 ;
                      00213 ;    Start of our main loop.
                      00214 ;    All we are doing is checking for keys pressed.
                      00215 ;
                      00216 ;=======================================================
                      00217 
0114                  00218 testkeyboard
                      00219         ;movlw 21   ;decimal 21 for middle C
                      00220         ;call noteValue
0114   3038           00221         movlw 38     ;Middle C
0115   00A0           00222         movwf Key1Th
0116   01A3           00223         clrf  Key1State
0117   01A2           00224         clrf  Key1Curr
0118   3001           00225         movlw b'00000001'
0119   0086           00226         movwf PORTB             ;Test First Sixth
011A                  00227 infLoop
011A   291A           00228         goto infLoop  ;For test let's just play a C
                      00229         
011B   3000           00230         movlw 0x00
011C   00AC           00231         movwf curr_channels;  The current number of channels occupied
011D   3000           00232         movlw 0x00
011E   00AA           00233         movwf keyInSixth;How far into this sixth is this key. values 0 - 5 for 6
                      00234                                         ;keys in a 6th
011F   30FF           00235         movlw 0xFF
0120   00AB           00236         movwf PORTA_temp;Set up our temp PORTA for anding
0121   3001           00237         movlw b'00000001'
0122   0086           00238         movwf PORTB             ;Test First Sixth
0123   0805           00239         movf PORTA, W   ;Lets check if we have any keypresses on the first Sixth        
0124   1D03           00240         btfss STATUS, Z
0125   2128           00241         call testnote   ;if STATUS is not zero we have a note!
MPASM  5.39                          MAIN.ASM   11-14-2011  22:42:24         PAGE  6


LOC  OBJECT CODE     LINE SOURCE TEXT
  VALUE

0126   2143           00242         call clearNotes
0127   2914           00243         goto testkeyboard
                      00244 
0128                  00245 testnote 
0128   05AB           00246         andwf PORTA_temp, f  ;Backup our PORTA
0129   18AB           00247         btfsc PORTA_temp, RA1;
012A   213B           00248         call  newnote
012B   0AAA           00249         incf  keyInSixth, f
                      00250 
012C   192B           00251         btfsc PORTA_temp, RA2;
012D   213B           00252         call  newnote
012E   0AAA           00253         incf  keyInSixth, f
                      00254 
012F   19AB           00255         btfsc PORTA_temp, RA3;
0130   213B           00256         call  newnote
0131   0AAA           00257         incf  keyInSixth, f
                      00258 
0132   1A2B           00259         btfsc PORTA_temp, RA4;
0133   213B           00260         call  newnote
0134   0AAA           00261         incf  keyInSixth, f
                      00262 
0135   1AAB           00263         btfsc PORTA_temp, RA5;
0136   213B           00264         call  newnote
0137   0AAA           00265         incf  keyInSixth, f
                      00266 
0138   1B2B           00267         btfsc PORTA_temp, RA6;
0139   213B           00268         call  newnote
013A   0008           00269         return
                      00270 
013B                  00271 newnote
013B   3020           00272         movlw 0x20
013C   072C           00273         addwf curr_channels, W
013D   0AAC           00274         incf curr_channels, f
013E   0084           00275         movwf FSR
013F   0180           00276         clrf  INDF
0140   082A           00277         movf  keyInSixth, W
0141   0080           00278         movwf INDF
0142   0008           00279         return
                      00280 
0143                  00281 clearNotes   ;Rest of the channels must be cleared
0143   01AA           00282         clrf keyInSixth
0144   082D           00283         movf max_channels, W
0145   022C           00284         subwf curr_channels, W
0146   1D03           00285         btfss STATUS, Z
0147   213B           00286         call newnote
0148   0008           00287         return
                      00288 
                      00289         end
MPASM  5.39                          MAIN.ASM   11-14-2011  22:42:24         PAGE  7


SYMBOL TABLE
  LABEL                             VALUE 

ADDEN                             00000003
ADEN                              00000003
BRGH                              00000002
C                                 00000000
C1INV                             00000004
C1OUT                             00000006
C2INV                             00000005
C2OUT                             00000007
CCP1CON                           00000017
CCP1IE                            00000002
CCP1IF                            00000002
CCP1M0                            00000000
CCP1M1                            00000001
CCP1M2                            00000002
CCP1M3                            00000003
CCP1X                             00000005
CCP1Y                             00000004
CCPR1                             00000015
CCPR1H                            00000016
CCPR1L                            00000015
CIS                               00000003
CM0                               00000000
CM1                               00000001
CM2                               00000002
CMCON                             0000001F
CMIE                              00000006
CMIF                              00000006
CREN                              00000004
CSRC                              00000007
ContextSave                       00000004
DATA_CP_OFF                       00003FFF
DATA_CP_ON                        00003EFF
DC                                00000001
EEADR                             0000009B
EECON1                            0000009C
EECON2                            0000009D
EEDATA                            0000009A
EEIE                              00000007
EEIF                              00000007
F                                 00000001
FERR                              00000002
FSR                               00000004
GIE                               00000007
INDF                              00000000
INTCON                            0000000B
INTE                              00000004
INTEDG                            00000006
INTF                              00000001
IRP                               00000007
Key1                              0000000C
Key1Curr                          00000022
Key1Done                          0000001B
Key1High                          00000015
MPASM  5.39                          MAIN.ASM   11-14-2011  22:42:24         PAGE  8


SYMBOL TABLE
  LABEL                             VALUE 

Key1Low                           00000019
Key1Set                           00000011
Key1State                         00000023
Key1Th                            00000020
Key1Tl                            00000021
Key2                              0000001B
Key2Curr                          00000026
Key2Done                          0000002A
Key2High                          00000024
Key2Low                           00000028
Key2Set                           00000020
Key2State                         00000027
Key2Th                            00000024
Key2Tl                            00000025
NOT_BO                            00000000
NOT_BOD                           00000000
NOT_BOR                           00000000
NOT_PD                            00000003
NOT_POR                           00000001
NOT_RBPU                          00000007
NOT_T1SYNC                        00000002
NOT_TO                            00000004
OERR                              00000001
OPTION_REG                        00000081
OSCF                              00000003
PCL                               00000002
PCLATH                            0000000A
PCON                              0000008E
PEIE                              00000006
PIE1                              0000008C
PIR1                              0000000C
PORTA                             00000005
PORTA_temp                        0000002B
PORTB                             00000006
PR2                               00000092
PS0                               00000000
PS1                               00000001
PS2                               00000002
PSA                               00000003
RA0                               00000000
RA1                               00000001
RA2                               00000002
RA3                               00000003
RA4                               00000004
RA5                               00000005
RA6                               00000006
RA7                               00000007
RB0                               00000000
RB1                               00000001
RB2                               00000002
RB3                               00000003
RB4                               00000004
RB5                               00000005
MPASM  5.39                          MAIN.ASM   11-14-2011  22:42:24         PAGE  9


SYMBOL TABLE
  LABEL                             VALUE 

RB6                               00000006
RB7                               00000007
RBIE                              00000003
RBIF                              00000000
RCIE                              00000005
RCIF                              00000005
RCREG                             0000001A
RCSTA                             00000018
RD                                00000000
RP0                               00000005
RP1                               00000006
RX9                               00000006
RX9D                              00000000
SPBRG                             00000099
SPEN                              00000007
SREN                              00000005
STATUS                            00000003
SYNC                              00000004
T0CS                              00000005
T0IE                              00000005
T0IF                              00000002
T0SE                              00000004
T1CKPS0                           00000004
T1CKPS1                           00000005
T1CON                             00000010
T1OSCEN                           00000003
T2CKPS0                           00000000
T2CKPS1                           00000001
T2CON                             00000012
TMR0                              00000001
TMR0IE                            00000005
TMR0IF                            00000002
TMR1CS                            00000001
TMR1H                             0000000F
TMR1IE                            00000000
TMR1IF                            00000000
TMR1L                             0000000E
TMR1ON                            00000000
TMR2                              00000011
TMR2IE                            00000001
TMR2IF                            00000001
TMR2ON                            00000002
TOUTPS0                           00000003
TOUTPS1                           00000004
TOUTPS2                           00000005
TOUTPS3                           00000006
TRISA                             00000085
TRISA0                            00000000
TRISA1                            00000001
TRISA2                            00000002
TRISA3                            00000003
TRISA4                            00000004
TRISA5                            00000005
MPASM  5.39                          MAIN.ASM   11-14-2011  22:42:24         PAGE 10


SYMBOL TABLE
  LABEL                             VALUE 

TRISA6                            00000006
TRISA7                            00000007
TRISB                             00000086
TRISB0                            00000000
TRISB1                            00000001
TRISB2                            00000002
TRISB3                            00000003
TRISB4                            00000004
TRISB5                            00000005
TRISB6                            00000006
TRISB7                            00000007
TRMT                              00000001
TX9                               00000006
TX9D                              00000000
TXEN                              00000005
TXIE                              00000004
TXIF                              00000004
TXREG                             00000019
TXSTA                             00000098
VR0                               00000000
VR1                               00000001
VR2                               00000002
VR3                               00000003
VRCON                             0000009F
VREN                              00000007
VROE                              00000006
VRR                               00000005
W                                 00000000
WR                                00000001
WREN                              00000002
WRERR                             00000003
Z                                 00000002
_BODEN_OFF                        00003FBF
_BODEN_ON                         00003FFF
_BOREN_OFF                        00003FBF
_BOREN_ON                         00003FFF
_CONFIG                           00002007
_CP_OFF                           00003FFF
_CP_ON                            00001FFF
_DEVID1                           00002006
_ER_OSC_CLKOUT                    00003FFF
_ER_OSC_NOCLKOUT                  00003FFE
_EXTCLK_OSC                       00003FEF
_HS_OSC                           00003FEE
_IDLOC0                           00002000
_IDLOC1                           00002001
_IDLOC2                           00002002
_IDLOC3                           00002003
_INTOSC_OSC_CLKOUT                00003FFD
_INTOSC_OSC_NOCLKOUT              00003FFC
_INTRC_OSC_CLKOUT                 00003FFD
_INTRC_OSC_NOCLKOUT               00003FFC
_LP_OSC                           00003FEC
MPASM  5.39                          MAIN.ASM   11-14-2011  22:42:24         PAGE 11


SYMBOL TABLE
  LABEL                             VALUE 

_LVP_OFF                          00003F7F
_LVP_ON                           00003FFF
_MCLRE_OFF                        00003FDF
_MCLRE_ON                         00003FFF
_PWRTE_OFF                        00003FFF
_PWRTE_ON                         00003FF7
_RC_OSC_CLKOUT                    00003FFF
_RC_OSC_NOCLKOUT                  00003FFE
_WDT_OFF                          00003FFB
_WDT_ON                           00003FFF
_XT_OSC                           00003FED
__16F628A                         00000001
clearNotes                        00000143
curr_channels                     0000002C
currsixth                         00000029
dispathc_int                      0000000B
fired                             00000031
infLoop                           0000011A
int_sound                         0000000C
int_sound_out                     0000002A
intexit                           0000002E
keyInSixth                        0000002A
max_channels                      0000002D
newnote                           0000013B
outChannel                        00000028
startupcode                       00000100
temp_fsr                          00000032
temp_pclath                       00000030
temp_s                            0000002F
temp_w                            0000002E
testkeyboard                      00000114
testnote                          00000128


MEMORY USAGE MAP ('X' = Used,  '-' = Unused)

0000 : X---XXXXXXXXXXXX XXXXXXXXXXXXXXXX XXXXXXXXXXXXXXXX XXXXX-----------
0100 : XXXXXXXXXXXXXXXX XXXXXXXXXXXXXXXX XXXXXXXXXXXXXXXX XXXXXXXXXXXXXXXX
0140 : XXXXXXXXX------- ---------------- ---------------- ----------------
2000 : -------X-------- ---------------- ---------------- ----------------

All other memory blocks unused.

Program Memory Words Used:   123
Program Memory Words Free:  1925


Errors   :     0
Warnings :     0 reported,     0 suppressed
Messages :     4 reported,     0 suppressed

